mode: atomic
github.com/chaimleib/zmanspec/columnparseerror.go:14.43,15.16 1 10
github.com/chaimleib/zmanspec/columnparseerror.go:15.16,17.3 1 0
github.com/chaimleib/zmanspec/columnparseerror.go:19.2,22.26 4 10
github.com/chaimleib/zmanspec/columnparseerror.go:22.26,23.18 1 20
github.com/chaimleib/zmanspec/columnparseerror.go:24.13,26.30 2 0
github.com/chaimleib/zmanspec/columnparseerror.go:27.11,30.52 3 20
github.com/chaimleib/zmanspec/columnparseerror.go:33.2,34.27 2 10
github.com/chaimleib/zmanspec/columnparseerror.go:34.27,36.3 1 11
github.com/chaimleib/zmanspec/columnparseerror.go:38.2,38.59 1 10
github.com/chaimleib/zmanspec/columnparseerror.go:41.43,43.2 1 0
github.com/chaimleib/zmanspec/duration.go:10.61,12.24 2 38
github.com/chaimleib/zmanspec/duration.go:12.24,14.25 2 77
github.com/chaimleib/zmanspec/duration.go:14.25,15.9 1 34
github.com/chaimleib/zmanspec/duration.go:17.3,17.27 1 43
github.com/chaimleib/zmanspec/duration.go:17.27,19.4 1 1
github.com/chaimleib/zmanspec/duration.go:20.3,20.12 1 42
github.com/chaimleib/zmanspec/duration.go:20.12,23.4 1 1
github.com/chaimleib/zmanspec/duration.go:24.3,24.27 1 41
github.com/chaimleib/zmanspec/duration.go:26.2,26.22 1 36
github.com/chaimleib/zmanspec/duration.go:29.53,30.14 1 28
github.com/chaimleib/zmanspec/duration.go:30.14,32.3 1 1
github.com/chaimleib/zmanspec/duration.go:34.2,35.38 2 27
github.com/chaimleib/zmanspec/duration.go:35.38,41.3 1 10
github.com/chaimleib/zmanspec/duration.go:43.2,45.13 3 27
github.com/chaimleib/zmanspec/duration.go:45.13,47.15 2 26
github.com/chaimleib/zmanspec/duration.go:47.15,50.4 2 2
github.com/chaimleib/zmanspec/duration.go:53.2,53.13 1 27
github.com/chaimleib/zmanspec/duration.go:53.13,55.3 1 1
github.com/chaimleib/zmanspec/duration.go:57.2,64.14 3 26
github.com/chaimleib/zmanspec/duration.go:64.14,71.17 3 38
github.com/chaimleib/zmanspec/duration.go:71.17,73.4 1 2
github.com/chaimleib/zmanspec/duration.go:76.3,76.14 1 36
github.com/chaimleib/zmanspec/duration.go:76.14,81.4 1 2
github.com/chaimleib/zmanspec/duration.go:83.3,84.18 2 34
github.com/chaimleib/zmanspec/duration.go:84.18,86.4 1 3
github.com/chaimleib/zmanspec/duration.go:87.3,91.29 5 31
github.com/chaimleib/zmanspec/duration.go:91.29,93.4 1 2
github.com/chaimleib/zmanspec/duration.go:97.2,97.9 1 17
github.com/chaimleib/zmanspec/duration.go:97.9,99.3 1 1
github.com/chaimleib/zmanspec/duration.go:100.2,100.15 1 17
